<?xml version="1.0" encoding="UTF-8"?>
<coverage generated="1583756679745" clover="3.2.0">
  <project timestamp="1583756679745" name="All files">
    <metrics statements="55" coveredstatements="39" conditionals="8" coveredconditionals="2" methods="8" coveredmethods="3" elements="71" coveredelements="44" complexity="0" loc="55" ncloc="55" packages="1" files="3" classes="3"/>
    <file name="controller.js" path="/mnt/c/Users/richa/Documents/Repos/flickr-gallery/flickr-gallery-server/controller.js">
      <metrics statements="35" coveredstatements="19" conditionals="6" coveredconditionals="1" methods="7" coveredmethods="3"/>
      <line num="1" count="2" type="stmt"/>
      <line num="2" count="2" type="stmt"/>
      <line num="4" count="2" type="stmt"/>
      <line num="5" count="2" type="stmt"/>
      <line num="7" count="2" type="stmt"/>
      <line num="8" count="2" type="stmt"/>
      <line num="12" count="2" type="stmt"/>
      <line num="13" count="2" type="stmt"/>
      <line num="14" count="2" type="stmt"/>
      <line num="15" count="2" type="cond" truecount="1" falsecount="1"/>
      <line num="17" count="2" type="stmt"/>
      <line num="20" count="2" type="stmt"/>
      <line num="22" count="2" type="stmt"/>
      <line num="23" count="60" type="stmt"/>
      <line num="24" count="60" type="stmt"/>
      <line num="26" count="60" type="stmt"/>
      <line num="32" count="2" type="stmt"/>
      <line num="35" count="2" type="stmt"/>
      <line num="36" count="0" type="stmt"/>
      <line num="37" count="0" type="cond" truecount="0" falsecount="2"/>
      <line num="38" count="0" type="stmt"/>
      <line num="41" count="0" type="stmt"/>
      <line num="42" count="0" type="stmt"/>
      <line num="43" count="0" type="stmt"/>
      <line num="44" count="0" type="cond" truecount="0" falsecount="2"/>
      <line num="46" count="0" type="stmt"/>
      <line num="48" count="0" type="stmt"/>
      <line num="50" count="0" type="stmt"/>
      <line num="51" count="0" type="stmt"/>
      <line num="52" count="0" type="stmt"/>
      <line num="54" count="0" type="stmt"/>
      <line num="60" count="0" type="stmt"/>
      <line num="63" count="2" type="stmt"/>
      <line num="64" count="0" type="stmt"/>
      <line num="66" count="0" type="stmt"/>
    </file>
    <file name="index.js" path="/mnt/c/Users/richa/Documents/Repos/flickr-gallery/flickr-gallery-server/index.js">
      <metrics statements="12" coveredstatements="12" conditionals="2" coveredconditionals="1" methods="1" coveredmethods="0"/>
      <line num="2" count="1" type="stmt"/>
      <line num="3" count="1" type="stmt"/>
      <line num="4" count="1" type="stmt"/>
      <line num="5" count="1" type="stmt"/>
      <line num="6" count="1" type="stmt"/>
      <line num="7" count="1" type="stmt"/>
      <line num="9" count="1" type="stmt"/>
      <line num="10" count="1" type="cond" truecount="1" falsecount="1"/>
      <line num="12" count="1" type="stmt"/>
      <line num="18" count="1" type="stmt"/>
      <line num="20" count="1" type="stmt"/>
      <line num="22" count="1" type="stmt"/>
    </file>
    <file name="router.js" path="/mnt/c/Users/richa/Documents/Repos/flickr-gallery/flickr-gallery-server/router.js">
      <metrics statements="8" coveredstatements="8" conditionals="0" coveredconditionals="0" methods="0" coveredmethods="0"/>
      <line num="2" count="1" type="stmt"/>
      <line num="4" count="1" type="stmt"/>
      <line num="6" count="1" type="stmt"/>
      <line num="8" count="1" type="stmt"/>
      <line num="10" count="1" type="stmt"/>
      <line num="12" count="1" type="stmt"/>
      <line num="14" count="1" type="stmt"/>
      <line num="16" count="1" type="stmt"/>
    </file>
  </project>
</coverage>
