{"/mnt/c/Users/richa/Documents/Repos/flickr-gallery/flickr-gallery-server/controller.js": {"path":"/mnt/c/Users/richa/Documents/Repos/flickr-gallery/flickr-gallery-server/controller.js","statementMap":{"0":{"start":{"line":1,"column":0},"end":{"line":1,"column":26}},"1":{"start":{"line":2,"column":14},"end":{"line":2,"column":30}},"2":{"start":{"line":4,"column":15},"end":{"line":4,"column":37}},"3":{"start":{"line":5,"column":14},"end":{"line":5,"column":15}},"4":{"start":{"line":7,"column":0},"end":{"line":33,"column":1}},"5":{"start":{"line":8,"column":17},"end":{"line":8,"column":171}},"6":{"start":{"line":12,"column":23},"end":{"line":16,"column":3}},"7":{"start":{"line":13,"column":22},"end":{"line":13,"column":168}},"8":{"start":{"line":14,"column":4},"end":{"line":14,"column":44}},"9":{"start":{"line":15,"column":4},"end":{"line":15,"column":33}},"10":{"start":{"line":15,"column":19},"end":{"line":15,"column":33}},"11":{"start":{"line":17,"column":2},"end":{"line":17,"column":22}},"12":{"start":{"line":20,"column":22},"end":{"line":20,"column":30}},"13":{"start":{"line":22,"column":19},"end":{"line":31,"column":5}},"14":{"start":{"line":23,"column":18},"end":{"line":23,"column":168}},"15":{"start":{"line":24,"column":22},"end":{"line":24,"column":177}},"16":{"start":{"line":26,"column":4},"end":{"line":30,"column":5}},"17":{"start":{"line":32,"column":2},"end":{"line":32,"column":21}},"18":{"start":{"line":35,"column":0},"end":{"line":61,"column":1}},"19":{"start":{"line":36,"column":2},"end":{"line":36,"column":45}},"20":{"start":{"line":37,"column":2},"end":{"line":37,"column":73}},"21":{"start":{"line":37,"column":37},"end":{"line":37,"column":58}},"22":{"start":{"line":37,"column":59},"end":{"line":37,"column":71}},"23":{"start":{"line":38,"column":2},"end":{"line":38,"column":12}},"24":{"start":{"line":41,"column":23},"end":{"line":45,"column":3}},"25":{"start":{"line":42,"column":22},"end":{"line":42,"column":219}},"26":{"start":{"line":43,"column":4},"end":{"line":43,"column":44}},"27":{"start":{"line":44,"column":4},"end":{"line":44,"column":33}},"28":{"start":{"line":44,"column":19},"end":{"line":44,"column":33}},"29":{"start":{"line":46,"column":2},"end":{"line":46,"column":22}},"30":{"start":{"line":48,"column":22},"end":{"line":48,"column":30}},"31":{"start":{"line":50,"column":19},"end":{"line":59,"column":5}},"32":{"start":{"line":51,"column":18},"end":{"line":51,"column":168}},"33":{"start":{"line":52,"column":22},"end":{"line":52,"column":177}},"34":{"start":{"line":54,"column":4},"end":{"line":58,"column":5}},"35":{"start":{"line":60,"column":2},"end":{"line":60,"column":21}},"36":{"start":{"line":63,"column":0},"end":{"line":67,"column":1}},"37":{"start":{"line":64,"column":17},"end":{"line":64,"column":171}},"38":{"start":{"line":66,"column":2},"end":{"line":66,"column":39}}},"fnMap":{"0":{"name":"(anonymous_0)","decl":{"start":{"line":7,"column":29},"end":{"line":7,"column":30}},"loc":{"start":{"line":7,"column":44},"end":{"line":33,"column":1}},"line":7},"1":{"name":"(anonymous_1)","decl":{"start":{"line":12,"column":23},"end":{"line":12,"column":24}},"loc":{"start":{"line":12,"column":35},"end":{"line":16,"column":3}},"line":12},"2":{"name":"(anonymous_2)","decl":{"start":{"line":22,"column":53},"end":{"line":22,"column":54}},"loc":{"start":{"line":22,"column":64},"end":{"line":31,"column":3}},"line":22},"3":{"name":"(anonymous_3)","decl":{"start":{"line":35,"column":36},"end":{"line":35,"column":37}},"loc":{"start":{"line":35,"column":51},"end":{"line":61,"column":1}},"line":35},"4":{"name":"(anonymous_4)","decl":{"start":{"line":41,"column":23},"end":{"line":41,"column":24}},"loc":{"start":{"line":41,"column":35},"end":{"line":45,"column":3}},"line":41},"5":{"name":"(anonymous_5)","decl":{"start":{"line":50,"column":53},"end":{"line":50,"column":54}},"loc":{"start":{"line":50,"column":64},"end":{"line":59,"column":3}},"line":50},"6":{"name":"(anonymous_6)","decl":{"start":{"line":63,"column":29},"end":{"line":63,"column":30}},"loc":{"start":{"line":63,"column":44},"end":{"line":67,"column":1}},"line":63}},"branchMap":{"0":{"loc":{"start":{"line":15,"column":4},"end":{"line":15,"column":33}},"type":"if","locations":[{"start":{"line":15,"column":4},"end":{"line":15,"column":33}},{"start":{"line":15,"column":4},"end":{"line":15,"column":33}}],"line":15},"1":{"loc":{"start":{"line":37,"column":2},"end":{"line":37,"column":73}},"type":"if","locations":[{"start":{"line":37,"column":2},"end":{"line":37,"column":73}},{"start":{"line":37,"column":2},"end":{"line":37,"column":73}}],"line":37},"2":{"loc":{"start":{"line":44,"column":4},"end":{"line":44,"column":33}},"type":"if","locations":[{"start":{"line":44,"column":4},"end":{"line":44,"column":33}},{"start":{"line":44,"column":4},"end":{"line":44,"column":33}}],"line":44}},"s":{"0":2,"1":2,"2":2,"3":2,"4":2,"5":2,"6":2,"7":2,"8":2,"9":2,"10":0,"11":2,"12":2,"13":2,"14":60,"15":60,"16":60,"17":2,"18":2,"19":0,"20":0,"21":0,"22":0,"23":0,"24":0,"25":0,"26":0,"27":0,"28":0,"29":0,"30":0,"31":0,"32":0,"33":0,"34":0,"35":0,"36":2,"37":0,"38":0},"f":{"0":2,"1":2,"2":60,"3":0,"4":0,"5":0,"6":0},"b":{"0":[0,2],"1":[0,0],"2":[0,0]},"_coverageSchema":"1a1c01bbd47fc00a2c39e90264f33305004495a9","hash":"63c5a8dc9ee998a136048520e53055ae0fe2a6ef"}
,"/mnt/c/Users/richa/Documents/Repos/flickr-gallery/flickr-gallery-server/index.js": {"path":"/mnt/c/Users/richa/Documents/Repos/flickr-gallery/flickr-gallery-server/index.js","statementMap":{"0":{"start":{"line":2,"column":12},"end":{"line":2,"column":26}},"1":{"start":{"line":3,"column":12},"end":{"line":3,"column":21}},"2":{"start":{"line":4,"column":15},"end":{"line":4,"column":36}},"3":{"start":{"line":5,"column":19},"end":{"line":5,"column":44}},"4":{"start":{"line":6,"column":13},"end":{"line":6,"column":33}},"5":{"start":{"line":7,"column":15},"end":{"line":7,"column":34}},"6":{"start":{"line":9,"column":0},"end":{"line":9,"column":26}},"7":{"start":{"line":10,"column":13},"end":{"line":10,"column":37}},"8":{"start":{"line":12,"column":0},"end":{"line":16,"column":24}},"9":{"start":{"line":18,"column":15},"end":{"line":18,"column":84}},"10":{"start":{"line":20,"column":0},"end":{"line":20,"column":43}},"11":{"start":{"line":20,"column":23},"end":{"line":20,"column":41}},"12":{"start":{"line":22,"column":0},"end":{"line":22,"column":23}}},"fnMap":{"0":{"name":"(anonymous_0)","decl":{"start":{"line":20,"column":16},"end":{"line":20,"column":17}},"loc":{"start":{"line":20,"column":23},"end":{"line":20,"column":41}},"line":20}},"branchMap":{"0":{"loc":{"start":{"line":10,"column":13},"end":{"line":10,"column":37}},"type":"binary-expr","locations":[{"start":{"line":10,"column":13},"end":{"line":10,"column":29}},{"start":{"line":10,"column":33},"end":{"line":10,"column":37}}],"line":10}},"s":{"0":1,"1":1,"2":1,"3":1,"4":1,"5":1,"6":1,"7":1,"8":1,"9":1,"10":1,"11":0,"12":1},"f":{"0":0},"b":{"0":[1,0]},"_coverageSchema":"1a1c01bbd47fc00a2c39e90264f33305004495a9","hash":"72c5d5c976064a1c925c8ad0180d84c145712da4"}
,"/mnt/c/Users/richa/Documents/Repos/flickr-gallery/flickr-gallery-server/router.js": {"path":"/mnt/c/Users/richa/Documents/Repos/flickr-gallery/flickr-gallery-server/router.js","statementMap":{"0":{"start":{"line":2,"column":15},"end":{"line":2,"column":36}},"1":{"start":{"line":4,"column":15},"end":{"line":4,"column":27}},"2":{"start":{"line":6,"column":19},"end":{"line":6,"column":42}},"3":{"start":{"line":8,"column":0},"end":{"line":8,"column":48}},"4":{"start":{"line":10,"column":0},"end":{"line":10,"column":57}},"5":{"start":{"line":12,"column":0},"end":{"line":12,"column":44}},"6":{"start":{"line":14,"column":0},"end":{"line":14,"column":79}},"7":{"start":{"line":16,"column":0},"end":{"line":16,"column":24}}},"fnMap":{},"branchMap":{},"s":{"0":1,"1":1,"2":1,"3":1,"4":1,"5":1,"6":1,"7":1},"f":{},"b":{},"_coverageSchema":"1a1c01bbd47fc00a2c39e90264f33305004495a9","hash":"8a03e26e5bf778d719f1e9683af5356ac7fbfd1e"}
}
